<?xml version="1.0" encoding="UTF-8"?>
<!-- Generated by org.testng.reporters.JUnitReportReporter -->
<testsuite hostname="DESKTOP-LBVO99V" name="TestCases.TC_LoginAdmin" tests="1" failures="0" timestamp="31 Dec 2019 08:40:40 GMT" time="7.847" errors="0">
  <testcase name="loginToAdmin" time="7.847" classname="TestCases.TC_LoginAdmin"/>
</testsuite> <!-- TestCases.TC_LoginAdmin -->
