<?xml version="1.0" encoding="UTF-8"?>
<!-- Generated by org.testng.reporters.JUnitReportReporter -->
<testsuite hostname="DESKTOP-LBVO99V" name="TestCases.TC_LoginAdmin" tests="1" failures="0" timestamp="22 Jan 2020 15:02:18 GMT" time="17.661" errors="0">
  <testcase name="loginToAdmin" time="17.661" classname="TestCases.TC_LoginAdmin"/>
</testsuite> <!-- TestCases.TC_LoginAdmin -->
