<?xml version="1.0" encoding="UTF-8"?>
<!-- Generated by org.testng.reporters.JUnitReportReporter -->
<testsuite hostname="DESKTOP-LBVO99V" name="TestCases.TC_LoginAdminWithExtentReports" tests="1" failures="0" timestamp="22 Jan 2020 19:06:36 GMT" time="10.593" errors="0">
  <testcase name="loginToAdmin" time="10.593" classname="TestCases.TC_LoginAdminWithExtentReports"/>
</testsuite> <!-- TestCases.TC_LoginAdminWithExtentReports -->
